<?xml version="1.0" encoding="UTF-8"?>
<testsuite xmlns:xsi="http://www.w3.org/2001/XMLSchema-instance" xsi:noNamespaceSchemaLocation="https://maven.apache.org/surefire/maven-surefire-plugin/xsd/surefire-test-report-3.0.xsd" version="3.0" name="bdd.RunnerTest" time="0.148" tests="10" errors="0" skipped="0" failures="0">
  <properties>
[...]
</properties>
  <testcase name="KAN-1 - Criação de desafio extra" classname="Sistema Kanban Gamificado" time="0.033">
    <system-out><![CDATA[
Scenario: KAN-1 - Criação de desafio extra                                             # src/test/java/bdd/features/kanban.feature:3
Painel de líder acessado.
  Given estou no painel de líder                                                       # bdd.steps.KanbanSteps.estou_no_painel_de_líder()
Cliquei em: Criar Desafio Extra
  When clico em "Criar Desafio Extra"                                                  # bdd.steps.KanbanSteps.clico_em(java.lang.String)
Formulário de criação de desafio extra visível.
  Then aparece formulário para nome, descrição, critérios, prazo, pontos e equipe-alvo # bdd.steps.KanbanSteps.aparece_formulário_para_nome_descrição_critérios_prazo_pontos_e_equipe_alvo()
]]></system-out>
  </testcase>
  <testcase name="KAN-2 - Submissão de desafio extra" classname="Sistema Kanban Gamificado" time="0.006">
    <system-out><![CDATA[
Scenario: KAN-2 - Submissão de desafio extra              # src/test/java/bdd/features/kanban.feature:8
Formulário preenchido e enviado.
  Given preencho e envio o formulário                     # bdd.steps.KanbanSteps.preencho_e_envio_o_formulário()
Criação de desafio confirmada.
  When confirmo a criação                                 # bdd.steps.KanbanSteps.confirmo_a_criação()
Desafio foi listado e membros notificados
  Then o desafio entra na lista e membros são notificados # bdd.steps.KanbanSteps.o_desafio_entra_na_lista_e_membros_sao_notificados()
]]></system-out>
  </testcase>
  <testcase name="KAN-3 - Visualização do painel da equipe" classname="Sistema Kanban Gamificado" time="0.007">
    <system-out><![CDATA[
Scenario: KAN-3 - Visualização do painel da equipe                                  # src/test/java/bdd/features/kanban.feature:13
Líder acessa: Painel da Equipe
  Given sou líder e acesso "Painel da Equipe"                                       # bdd.steps.KanbanSteps.sou_lider_e_acesso(java.lang.String)
Página aberta
  When a página abre                                                                # bdd.steps.KanbanSteps.a_pagina_abre()
Tabela de progresso exibida
  Then vejo tabela com membros, pontos atuais e variação desde a última atualização # bdd.steps.KanbanSteps.vejo_tabela_com_membros_pontos_atuais_variacao()
]]></system-out>
  </testcase>
  <testcase name="KAN-4 - Atualização do Kanban" classname="Sistema Kanban Gamificado" time="0.003">
    <system-out><![CDATA[
Scenario: KAN-4 - Atualização do Kanban       # src/test/java/bdd/features/kanban.feature:18
Acessando: Quadro Kanban
  Given acesso "Quadro Kanban"                # bdd.steps.KanbanSteps.acesso(java.lang.String)
Página carregada
  When a página carrega                       # bdd.steps.KanbanSteps.a_pagina_carrega()
Colunas configuráveis exibidas
  Then vejo colunas configuráveis com cartões # bdd.steps.KanbanSteps.vejo_colunas_com_cartoes()
]]></system-out>
  </testcase>
  <testcase name="KAN-5 - Marcação de tarefa concluída" classname="Sistema Kanban Gamificado" time="0.003">
    <system-out><![CDATA[
Scenario: KAN-5 - Marcação de tarefa concluída                 # src/test/java/bdd/features/kanban.feature:23
Tarefa concluída
  Given concluo uma tarefa                                     # bdd.steps.KanbanSteps.concluo_uma_tarefa()
Tarefa marcada como concluída
  When marco-a como concluída                                  # bdd.steps.KanbanSteps.marco_a_como_concluida()
Pontos recebidos e total atualizado
  Then recebo imediatamente os pontos e meu total é atualizado # bdd.steps.KanbanSteps.recebo_pontos_total_atualizado()
]]></system-out>
  </testcase>
  <testcase name="KAN-6 - Acesso ao progresso" classname="Sistema Kanban Gamificado" time="0.002">
    <system-out><![CDATA[
Scenario: KAN-6 - Acesso ao progresso                                # src/test/java/bdd/features/kanban.feature:28
Usuário autenticado
  Given estou logado                                                 # bdd.steps.KanbanSteps.estou_logado()
Acessando: Meu Progresso
  When acesso "Meu Progresso"                                        # bdd.steps.KanbanSteps.acesso(java.lang.String)
Gráfico exibido
  Then vejo gráfico com pontos totais, conquistas e metas alcançadas # bdd.steps.KanbanSteps.vejo_grafico_pontos_conquistas_metas()
]]></system-out>
  </testcase>
  <testcase name="KAN-7 - Sistema de feedback" classname="Sistema Kanban Gamificado" time="0.002">
    <system-out><![CDATA[
Scenario: KAN-7 - Sistema de feedback                                 # src/test/java/bdd/features/kanban.feature:33
Membro acessa o perfil
  Given sou membro de equipe e acesso meu perfil                      # bdd.steps.KanbanSteps.sou_membro_acesso_perfil()
Cliquei em: Feedback
  When clico em "Feedback"                                            # bdd.steps.KanbanSteps.clico_em(java.lang.String)
Feedbacks listados
  Then vejo lista de feedbacks recebidos com autor, data e comentário # bdd.steps.KanbanSteps.vejo_lista_feedbacks()
]]></system-out>
  </testcase>
  <testcase name="KAN-8 - Ranking geral" classname="Sistema Kanban Gamificado" time="0.003">
    <system-out><![CDATA[
Scenario: KAN-8 - Ranking geral                                       # src/test/java/bdd/features/kanban.feature:38
Usuário autenticado
  Given estou autenticado                                             # bdd.steps.KanbanSteps.estou_autenticado()
Navegando até: Ranking Geral
  When navego até "Ranking Geral"                                     # bdd.steps.KanbanSteps.navego_ate(java.lang.String)
Abas exibidas por pontuação
  Then vejo abas “Por Equipe” e “Por Membro”, ordenadas por pontuação # bdd.steps.KanbanSteps.vejo_abas_ordenadas()
]]></system-out>
  </testcase>
  <testcase name="KAN-9 - Desbloqueio automático de recompensa" classname="Sistema Kanban Gamificado" time="0.003">
    <system-out><![CDATA[
Scenario: KAN-9 - Desbloqueio automático de recompensa                    # src/test/java/bdd/features/kanban.feature:43
Limite de pontos alcançado
  Given sou usuário logado e meus pontos totais alcançam o limite         # bdd.steps.KanbanSteps.pontos_totais_alcancam_limite()
Atualização processada
  When a atualização de pontos é processada                               # bdd.steps.KanbanSteps.atualizacao_pontos_processada()
Recompensa desbloqueada no perfil
  Then a recompensa correspondente é desbloqueada e aparece no meu perfil # bdd.steps.KanbanSteps.recompensa_desbloqueada_aparece()
]]></system-out>
  </testcase>
  <testcase name="KAN-10 - CRUD de tipos de recompensa" classname="Sistema Kanban Gamificado" time="0.003">
    <system-out><![CDATA[
Scenario: KAN-10 - CRUD de tipos de recompensa                              # src/test/java/bdd/features/kanban.feature:48
Admin autenticado
  Given estou autenticado como administrador                                # bdd.steps.KanbanSteps.autenticado_como_admin()
Admin acessa: Tipos de Recompensa
  When acesso a página "Tipos de Recompensa"                                # bdd.steps.KanbanSteps.acesso_pagina(java.lang.String)
Lista de tipos de recompensa exibida
  Then vejo a lista de todos os tipos com nome, descrição e valor em pontos # bdd.steps.KanbanSteps.vejo_lista_tipos_recompensa()
]]></system-out>
  </testcase>
</testsuite>